
> fin-q-chart-server@1.0.0 fill-gaps
> dotenv -e .env -- tsx src/scripts/fill-gaps.ts --from 2025-11-26 --to 2025-12-02

[dotenv@17.2.3] injecting env (0) from .env -- tip: ⚙️  suppress all logs with { quiet: true }

🔧🔧🔧🔧🔧🔧🔧🔧🔧🔧🔧🔧🔧🔧🔧🔧🔧🔧🔧🔧🔧🔧🔧🔧🔧🔧🔧🔧🔧🔧
📊 Gap Filler - 1분봉 누락 데이터 복구 (Rate Limiter 적용)
🔧🔧🔧🔧🔧🔧🔧🔧🔧🔧🔧🔧🔧🔧🔧🔧🔧🔧🔧🔧🔧🔧🔧🔧🔧🔧🔧🔧🔧🔧

대상 심볼: SPY, QQQ, DIA, BTC/USD
검사 기간: 2025-11-26 ~ 2025-12-02
Rate Limit: 10초 간격, 분당 6회

2025-12-02 01:32:36 [32minfo[39m: [32m🔍 [SPY] 갭 분석 시작[39m {"from":"2025-11-26T00:00:00.000Z","to":"2025-12-02T00:00:00.000Z"}
2025-12-02 01:32:36 [32minfo[39m: [32m✅ [SPY] 완벽합니다. 누락 구간 없음.[39m
2025-12-02 01:32:36 [32minfo[39m: [32m🔍 [QQQ] 갭 분석 시작[39m {"from":"2025-11-26T00:00:00.000Z","to":"2025-12-02T00:00:00.000Z"}
2025-12-02 01:32:36 [32minfo[39m: [32m✅ [QQQ] 완벽합니다. 누락 구간 없음.[39m
2025-12-02 01:32:36 [32minfo[39m: [32m🔍 [DIA] 갭 분석 시작[39m {"from":"2025-11-26T00:00:00.000Z","to":"2025-12-02T00:00:00.000Z"}
2025-12-02 01:32:36 [32minfo[39m: [32m✅ [DIA] 완벽합니다. 누락 구간 없음.[39m
2025-12-02 01:32:36 [32minfo[39m: [32m🔍 [BTC/USD] 갭 분석 시작[39m {"from":"2025-11-26T00:00:00.000Z","to":"2025-12-02T00:00:00.000Z"}
2025-12-02 01:32:36 [32minfo[39m: [32m📊 [BTC/USD] 총 2개의 갭 발견[39m
2025-12-02 01:32:36 [32minfo[39m: [32m🔧 [BTC/USD] 실제 복구 대상: 2개 (주말/휴장 제외)[39m
2025-12-02 01:32:36 [32minfo[39m: [32m   [1/2] 2025-11-26 00:01:00 ~ 2025-11-28 05:11:00 (3191분 갭)[39m
2025-12-02 01:32:38 [32minfo[39m: [32m      ✅ 3190개 복구 완료[39m
2025-12-02 01:32:38 [32minfo[39m: [32m   [2/2] 2025-12-01 16:31:00 ~ 2025-12-02 00:00:00 (450분 갭)[39m
2025-12-02 01:32:39 [32minfo[39m: [32m      ✅ 1개 복구 완료[39m
2025-12-02 01:32:39 [32minfo[39m: [32m🎉 [BTC/USD] 최종 3191개 캔들 복구 완료.[39m

🔄 Continuous Aggregates 새로고침 건너뜀 (수동 실행 필요)
   수동 실행: psql에서 직접 CALL refresh_continuous_aggregate(...) 실행

✨✨✨✨✨✨✨✨✨✨✨✨✨✨✨✨✨✨✨✨✨✨✨✨✨✨✨✨✨✨
🎉 모든 갭 복구 완료! (소요: 3초)
✨✨✨✨✨✨✨✨✨✨✨✨✨✨✨✨✨✨✨✨✨✨✨✨✨✨✨✨✨✨

